2023-08-06 02:10:39.063389 - Initialized conversion of CBT200
2023-08-06 02:10:39.282269 - Received CBT.V505.FILE200.PDS from FILE200.XMI 
2023-08-06 02:10:39.284776 - Found $$$#DATE.txt (text/plain) in CBT.V505.FILE200.PDS, moved to PDS/$$$#DATE
2023-08-06 02:10:39.285762 - Found $DOC.txt (text/plain) in CBT.V505.FILE200.PDS, moved to PDS/$DOC
2023-08-06 02:10:39.286770 - Found $DOC1.txt (text/plain) in CBT.V505.FILE200.PDS, moved to PDS/$DOC1
2023-08-06 02:10:39.287911 - Found @FILE200.txt (text/plain) in CBT.V505.FILE200.PDS, moved to PDS/@FILE200
2023-08-06 02:10:39.288860 - Found CENTER.txt (text/plain) in CBT.V505.FILE200.PDS, moved to PDS/CENTER
2023-08-06 02:10:39.289867 - Found COBFMT.txt (text/plain) in CBT.V505.FILE200.PDS, moved to PDS/COBFMT
2023-08-06 02:10:39.290730 - Found COBFMT#.jcl (text/plain) in CBT.V505.FILE200.PDS, moved to PDS/COBFMT#
2023-08-06 02:10:39.291675 - Found COBREAD.txt (text/plain) in CBT.V505.FILE200.PDS, moved to PDS/COBREAD
2023-08-06 02:10:39.292495 - Found COBREAD#.jcl (text/plain) in CBT.V505.FILE200.PDS, moved to PDS/COBREAD#
2023-08-06 02:10:39.293368 - Found COBRJCL.jcl (text/plain) in CBT.V505.FILE200.PDS, moved to PDS/COBRJCL
2023-08-06 02:10:39.294342 - Found COMPARE.txt (text/plain) in CBT.V505.FILE200.PDS, moved to PDS/COMPARE
2023-08-06 02:10:39.295251 - Found COMPDS.txt (text/plain) in CBT.V505.FILE200.PDS, moved to PDS/COMPDS
2023-08-06 02:10:39.296215 - Found COMPTBL.txt (text/plain) in CBT.V505.FILE200.PDS, moved to PDS/COMPTBL
2023-08-06 02:10:39.297221 - Found CPUID.txt (text/plain) in CBT.V505.FILE200.PDS, moved to PDS/CPUID
2023-08-06 02:10:39.298076 - Found CPUID$.jcl (text/plain) in CBT.V505.FILE200.PDS, moved to PDS/CPUID$
2023-08-06 02:10:39.299042 - Found CPUIDX.rexx (text/plain) in CBT.V505.FILE200.PDS, moved to PDS/CPUIDX
2023-08-06 02:10:39.300006 - Found PRTTBL.txt (text/plain) in CBT.V505.FILE200.PDS, moved to PDS/PRTTBL
2023-08-06 02:10:39.300894 - Found RETRN.txt (text/plain) in CBT.V505.FILE200.PDS, moved to PDS/RETRN
2023-08-06 02:10:39.301876 - Found SYMREGS.txt (text/plain) in CBT.V505.FILE200.PDS, moved to PDS/SYMREGS
2023-08-06 02:10:39.302809 - Found WHATSNE$.jcl (text/plain) in CBT.V505.FILE200.PDS, moved to PDS/WHATSNE$
2023-08-06 02:10:39.303684 - Found WHATSNE#.jcl (text/plain) in CBT.V505.FILE200.PDS, moved to PDS/WHATSNE#
2023-08-06 02:10:39.304537 - Found WHATSNEO.txt (text/plain) in CBT.V505.FILE200.PDS, moved to PDS/WHATSNEO
2023-08-06 02:10:39.305417 - Found WHATSNEW.txt (text/plain) in CBT.V505.FILE200.PDS, moved to PDS/WHATSNEW
2023-08-06 02:10:39.306248 - Found WHEREUS$.jcl (text/plain) in CBT.V505.FILE200.PDS, moved to PDS/WHEREUS$
2023-08-06 02:10:39.307081 - Found WHEREUS#.jcl (text/plain) in CBT.V505.FILE200.PDS, moved to PDS/WHEREUS#
2023-08-06 02:10:39.307928 - Found WHEREUSD.txt (text/plain) in CBT.V505.FILE200.PDS, moved to PDS/WHEREUSD
2023-08-06 02:10:39.308747 - Found XREFGJCL.jcl (text/plain) in CBT.V505.FILE200.PDS, moved to PDS/XREFGJCL
2023-08-06 02:10:39.309596 - Found XREFJCL.jcl (text/plain) in CBT.V505.FILE200.PDS, moved to PDS/XREFJCL
2023-08-06 02:10:39.310430 - Found XREF1.txt (text/plain) in CBT.V505.FILE200.PDS, moved to PDS/XREF1
2023-08-06 02:10:39.311249 - Found XREF2.txt (text/plain) in CBT.V505.FILE200.PDS, moved to PDS/XREF2
